bdfood/app/build/intermediates/manifest_merge_blame_file/debug/processDebugMainManifest/manifest-merger-blame-debug-report.txt
1<?xml version="1.0" encoding="utf-8"?>
2<manifest xmlns:android="http://schemas.android.com/apk/res/android"
3    package="com.example.myapplication"
4    android:versionCode="1"
5    android:versionName="1.0" >
6
7    <uses-sdk
8        android:minSdkVersion="24"
9        android:targetSdkVersion="34" />
10
11    <uses-permission android:name="android.permission.INTERNET" />
11-->src\main\AndroidManifest.xml:4:5-67
11-->src\main\AndroidManifest.xml:4:22-64
12    <uses-permission android:name="android.permission.ACCESS_NETWORK_STATE" />
12-->[com.google.firebase:firebase-auth:23.1.0] AndroidManifest.xml:26:5-79
12-->[com.google.firebase:firebase-auth:23.1.0] AndroidManifest.xml:26:22-76
13    <uses-permission android:name="com.google.android.providers.gsf.permission.READ_GSERVICES" />
13-->[com.google.android.recaptcha:recaptcha:18.5.1] AndroidManifest.xml:9:5-98
13-->[com.google.android.recaptcha:recaptcha:18.5.1] AndroidManifest.xml:9:22-95
14    <uses-permission android:name="android.permission.WAKE_LOCK" />
14-->[androidx.work:work-runtime:2.7.1] AndroidManifest.xml:25:5-68
14-->[androidx.work:work-runtime:2.7.1] AndroidManifest.xml:25:22-65
15    <uses-permission android:name="android.permission.RECEIVE_BOOT_COMPLETED" />
15-->[androidx.work:work-runtime:2.7.1] AndroidManifest.xml:27:5-81
15-->[androidx.work:work-runtime:2.7.1] AndroidManifest.xml:27:22-78
16    <uses-permission android:name="android.permission.FOREGROUND_SERVICE" />
16-->[androidx.work:work-runtime:2.7.1] AndroidManifest.xml:28:5-77
16-->[androidx.work:work-runtime:2.7.1] AndroidManifest.xml:28:22-74
17
18    <permission
18-->[androidx.core:core:1.13.0] AndroidManifest.xml:22:5-24:47
19        android:name="com.example.myapplication.DYNAMIC_RECEIVER_NOT_EXPORTED_PERMISSION"
19-->[androidx.core:core:1.13.0] AndroidManifest.xml:23:9-81
20        android:protectionLevel="signature" />
20-->[androidx.core:core:1.13.0] AndroidManifest.xml:24:9-44
21
22    <uses-permission android:name="com.example.myapplication.DYNAMIC_RECEIVER_NOT_EXPORTED_PERMISSION" />
22-->[androidx.core:core:1.13.0] AndroidManifest.xml:26:5-97
22-->[androidx.core:core:1.13.0] AndroidManifest.xml:26:22-94
23
24    <application
24-->src\main\AndroidManifest.xml:5:5-47:19
25        android:name="com.example.myapplication.MyApplication"
25-->src\main\AndroidManifest.xml:6:9-38
26        android:allowBackup="true"
26-->src\main\AndroidManifest.xml:7:9-35
27        android:appComponentFactory="androidx.core.app.CoreComponentFactory"
27-->[androidx.core:core:1.13.0] AndroidManifest.xml:28:18-86
28        android:debuggable="true"
29        android:extractNativeLibs="false"
30        android:icon="@mipmap/ic_launcher"
30-->src\main\AndroidManifest.xml:8:9-43
31        android:label="BD Food"
31-->src\main\AndroidManifest.xml:9:9-32
32        android:roundIcon="@mipmap/ic_launcher_round"
32-->src\main\AndroidManifest.xml:10:9-54
33        android:supportsRtl="true"
33-->src\main\AndroidManifest.xml:11:9-35
34        android:testOnly="true"
35        android:theme="@style/Theme.MyApplication" >
35-->src\main\AndroidManifest.xml:12:9-51
36
37        <!-- Màn hình đăng nhập - điểm vào ứng dụng -->
38        <activity
38-->src\main\AndroidManifest.xml:16:9-21:20
39            android:name="com.example.myapplication.LoginActivity"
39-->src\main\AndroidManifest.xml:16:19-48
40            android:exported="true" >
40-->src\main\AndroidManifest.xml:16:49-72
41            <intent-filter>
41-->src\main\AndroidManifest.xml:17:13-20:29
42                <action android:name="android.intent.action.MAIN" />
42-->src\main\AndroidManifest.xml:18:17-69
42-->src\main\AndroidManifest.xml:18:25-66
43
44                <category android:name="android.intent.category.LAUNCHER" />
44-->src\main\AndroidManifest.xml:19:17-77
44-->src\main\AndroidManifest.xml:19:27-74
45            </intent-filter>
46        </activity>
47
48        <!-- Đăng ký tài khoản -->
49        <activity android:name="com.example.myapplication.RegisterActivity" />
49-->src\main\AndroidManifest.xml:24:9-54
49-->src\main\AndroidManifest.xml:24:19-51
50
51        <!-- Quên mật khẩu -->
52        <activity android:name="com.example.myapplication.ForgotPasswordActivity" />
52-->src\main\AndroidManifest.xml:27:9-60
52-->src\main\AndroidManifest.xml:27:19-57
53
54        <!-- Hồ sơ cá nhân - trung tâm điều hướng -->
55        <activity android:name="com.example.myapplication.ProfileActivity" />
55-->src\main\AndroidManifest.xml:30:9-53
55-->src\main\AndroidManifest.xml:30:19-50
56
57        <!-- Chỉnh sửa hồ sơ -->
58        <activity android:name="com.example.myapplication.EditProfileActivity" />
58-->src\main\AndroidManifest.xml:33:9-57
58-->src\main\AndroidManifest.xml:33:19-54
59
60        <!-- Đổi mật khẩu -->
61        <activity android:name="com.example.myapplication.ChangePasswordActivity" />
61-->src\main\AndroidManifest.xml:36:9-60
61-->src\main\AndroidManifest.xml:36:19-57
62
63        <!-- Sổ địa chỉ -->
64        <activity android:name="com.example.myapplication.AddressBookActivity" />
64-->src\main\AndroidManifest.xml:39:9-57
64-->src\main\AndroidManifest.xml:39:19-54
65
66        <!-- Form thêm/sửa địa chỉ -->
67        <activity android:name="com.example.myapplication.AddressFormActivity" />
67-->src\main\AndroidManifest.xml:42:9-57
67-->src\main\AndroidManifest.xml:42:19-54
68
69        <!-- Danh sách yêu thích -->
70        <activity android:name="com.example.myapplication.WishlistActivity" />
70-->src\main\AndroidManifest.xml:45:9-54
70-->src\main\AndroidManifest.xml:45:19-51
71        <activity
71-->[com.cloudinary:cloudinary-android-ui:3.0.2] AndroidManifest.xml:10:9-13:56
72            android:name="com.cloudinary.android.uploadwidget.ui.UploadWidgetActivity"
72-->[com.cloudinary:cloudinary-android-ui:3.0.2] AndroidManifest.xml:11:13-87
73            android:configChanges="orientation"
73-->[com.cloudinary:cloudinary-android-ui:3.0.2] AndroidManifest.xml:12:13-48
74            android:theme="@style/UploadWidgetTheme" />
74-->[com.cloudinary:cloudinary-android-ui:3.0.2] AndroidManifest.xml:13:13-53
75        <activity
75-->[com.google.firebase:firebase-auth:23.1.0] AndroidManifest.xml:29:9-46:20
76            android:name="com.google.firebase.auth.internal.GenericIdpActivity"
76-->[com.google.firebase:firebase-auth:23.1.0] AndroidManifest.xml:30:13-80
77            android:excludeFromRecents="true"
77-->[com.google.firebase:firebase-auth:23.1.0] AndroidManifest.xml:31:13-46
78            android:exported="true"
78-->[com.google.firebase:firebase-auth:23.1.0] AndroidManifest.xml:32:13-36
79            android:launchMode="singleTask"
79-->[com.google.firebase:firebase-auth:23.1.0] AndroidManifest.xml:33:13-44
80            android:theme="@android:style/Theme.Translucent.NoTitleBar" >
80-->[com.google.firebase:firebase-auth:23.1.0] AndroidManifest.xml:34:13-72
81            <intent-filter>
81-->[com.google.firebase:firebase-auth:23.1.0] AndroidManifest.xml:35:13-45:29
82                <action android:name="android.intent.action.VIEW" />
82-->[com.google.firebase:firebase-auth:23.1.0] AndroidManifest.xml:36:17-69
82-->[com.google.firebase:firebase-auth:23.1.0] AndroidManifest.xml:36:25-66
83
84                <category android:name="android.intent.category.DEFAULT" />
84-->[com.google.firebase:firebase-auth:23.1.0] AndroidManifest.xml:38:17-76
84-->[com.google.firebase:firebase-auth:23.1.0] AndroidManifest.xml:38:27-73
85                <category android:name="android.intent.category.BROWSABLE" />
85-->[com.google.firebase:firebase-auth:23.1.0] AndroidManifest.xml:39:17-78
85-->[com.google.firebase:firebase-auth:23.1.0] AndroidManifest.xml:39:27-75
86
87                <data
87-->[com.google.firebase:firebase-auth:23.1.0] AndroidManifest.xml:41:17-44:51
88                    android:host="firebase.auth"
88-->[com.google.firebase:firebase-auth:23.1.0] AndroidManifest.xml:42:21-49
89                    android:path="/"
89-->[com.google.firebase:firebase-auth:23.1.0] AndroidManifest.xml:43:21-37
90                    android:scheme="genericidp" />
90-->[com.google.firebase:firebase-auth:23.1.0] AndroidManifest.xml:44:21-48
91            </intent-filter>
92        </activity>
93        <activity
93-->[com.google.firebase:firebase-auth:23.1.0] AndroidManifest.xml:47:9-64:20
94            android:name="com.google.firebase.auth.internal.RecaptchaActivity"
94-->[com.google.firebase:firebase-auth:23.1.0] AndroidManifest.xml:48:13-79
95            android:excludeFromRecents="true"
95-->[com.google.firebase:firebase-auth:23.1.0] AndroidManifest.xml:49:13-46
96            android:exported="true"
96-->[com.google.firebase:firebase-auth:23.1.0] AndroidManifest.xml:50:13-36
97            android:launchMode="singleTask"
97-->[com.google.firebase:firebase-auth:23.1.0] AndroidManifest.xml:51:13-44
98            android:theme="@android:style/Theme.Translucent.NoTitleBar" >
98-->[com.google.firebase:firebase-auth:23.1.0] AndroidManifest.xml:52:13-72
99            <intent-filter>
99-->[com.google.firebase:firebase-auth:23.1.0] AndroidManifest.xml:53:13-63:29
100                <action android:name="android.intent.action.VIEW" />
100-->[com.google.firebase:firebase-auth:23.1.0] AndroidManifest.xml:36:17-69
100-->[com.google.firebase:firebase-auth:23.1.0] AndroidManifest.xml:36:25-66
101
102                <category android:name="android.intent.category.DEFAULT" />
102-->[com.google.firebase:firebase-auth:23.1.0] AndroidManifest.xml:38:17-76
102-->[com.google.firebase:firebase-auth:23.1.0] AndroidManifest.xml:38:27-73
103                <category android:name="android.intent.category.BROWSABLE" />
103-->[com.google.firebase:firebase-auth:23.1.0] AndroidManifest.xml:39:17-78
103-->[com.google.firebase:firebase-auth:23.1.0] AndroidManifest.xml:39:27-75
104
105                <data
105-->[com.google.firebase:firebase-auth:23.1.0] AndroidManifest.xml:41:17-44:51
106                    android:host="firebase.auth"
106-->[com.google.firebase:firebase-auth:23.1.0] AndroidManifest.xml:42:21-49
107                    android:path="/"
107-->[com.google.firebase:firebase-auth:23.1.0] AndroidManifest.xml:43:21-37
108                    android:scheme="recaptcha" />
108-->[com.google.firebase:firebase-auth:23.1.0] AndroidManifest.xml:44:21-48
109            </intent-filter>
110        </activity>
111
112        <service
112-->[com.google.firebase:firebase-auth:23.1.0] AndroidManifest.xml:66:9-72:19
113            android:name="com.google.firebase.components.ComponentDiscoveryService"
113-->[com.google.firebase:firebase-auth:23.1.0] AndroidManifest.xml:67:13-84
114            android:directBootAware="true"
114-->[com.google.firebase:firebase-common:21.0.0] AndroidManifest.xml:32:13-43
115            android:exported="false" >
115-->[com.google.firebase:firebase-auth:23.1.0] AndroidManifest.xml:68:13-37
116            <meta-data
116-->[com.google.firebase:firebase-auth:23.1.0] AndroidManifest.xml:69:13-71:85
117                android:name="com.google.firebase.components:com.google.firebase.auth.FirebaseAuthRegistrar"
117-->[com.google.firebase:firebase-auth:23.1.0] AndroidManifest.xml:70:17-109
118                android:value="com.google.firebase.components.ComponentRegistrar" />
118-->[com.google.firebase:firebase-auth:23.1.0] AndroidManifest.xml:71:17-82
119            <meta-data
119-->[com.google.firebase:firebase-database:21.0.0] AndroidManifest.xml:29:13-31:85
120                android:name="com.google.firebase.components:com.google.firebase.database.FirebaseDatabaseKtxRegistrar"
120-->[com.google.firebase:firebase-database:21.0.0] AndroidManifest.xml:30:17-120
121                android:value="com.google.firebase.components.ComponentRegistrar" />
121-->[com.google.firebase:firebase-database:21.0.0] AndroidManifest.xml:31:17-82
122            <meta-data
122-->[com.google.firebase:firebase-database:21.0.0] AndroidManifest.xml:32:13-34:85
123                android:name="com.google.firebase.components:com.google.firebase.database.DatabaseRegistrar"
123-->[com.google.firebase:firebase-database:21.0.0] AndroidManifest.xml:33:17-109
124                android:value="com.google.firebase.components.ComponentRegistrar" />
124-->[com.google.firebase:firebase-database:21.0.0] AndroidManifest.xml:34:17-82
125            <meta-data
125-->[com.google.firebase:firebase-common-ktx:21.0.0] AndroidManifest.xml:12:13-14:85
126                android:name="com.google.firebase.components:com.google.firebase.ktx.FirebaseCommonLegacyRegistrar"
126-->[com.google.firebase:firebase-common-ktx:21.0.0] AndroidManifest.xml:13:17-116
127                android:value="com.google.firebase.components.ComponentRegistrar" />
127-->[com.google.firebase:firebase-common-ktx:21.0.0] AndroidManifest.xml:14:17-82
128            <meta-data
128-->[com.google.firebase:firebase-common:21.0.0] AndroidManifest.xml:35:13-37:85
129                android:name="com.google.firebase.components:com.google.firebase.FirebaseCommonKtxRegistrar"
129-->[com.google.firebase:firebase-common:21.0.0] AndroidManifest.xml:36:17-109
130                android:value="com.google.firebase.components.ComponentRegistrar" />
130-->[com.google.firebase:firebase-common:21.0.0] AndroidManifest.xml:37:17-82
131        </service>
132        <service
132-->[androidx.credentials:credentials-play-services-auth:1.2.0-rc01] AndroidManifest.xml:24:9-32:19
133            android:name="androidx.credentials.playservices.CredentialProviderMetadataHolder"
133-->[androidx.credentials:credentials-play-services-auth:1.2.0-rc01] AndroidManifest.xml:25:13-94
134            android:enabled="true"
134-->[androidx.credentials:credentials-play-services-auth:1.2.0-rc01] AndroidManifest.xml:26:13-35
135            android:exported="false" >
135-->[androidx.credentials:credentials-play-services-auth:1.2.0-rc01] AndroidManifest.xml:27:13-37
136            <meta-data
136-->[androidx.credentials:credentials-play-services-auth:1.2.0-rc01] AndroidManifest.xml:29:13-31:104
137                android:name="androidx.credentials.CREDENTIAL_PROVIDER_KEY"
137-->[androidx.credentials:credentials-play-services-auth:1.2.0-rc01] AndroidManifest.xml:30:17-76
138                android:value="androidx.credentials.playservices.CredentialProviderPlayServicesImpl" />
138-->[androidx.credentials:credentials-play-services-auth:1.2.0-rc01] AndroidManifest.xml:31:17-101
139        </service>
140
141        <activity
141-->[androidx.credentials:credentials-play-services-auth:1.2.0-rc01] AndroidManifest.xml:34:9-41:20
142            android:name="androidx.credentials.playservices.HiddenActivity"
142-->[androidx.credentials:credentials-play-services-auth:1.2.0-rc01] AndroidManifest.xml:35:13-76
143            android:configChanges="orientation|screenSize|screenLayout|keyboardHidden"
143-->[androidx.credentials:credentials-play-services-auth:1.2.0-rc01] AndroidManifest.xml:36:13-87
144            android:enabled="true"
144-->[androidx.credentials:credentials-play-services-auth:1.2.0-rc01] AndroidManifest.xml:37:13-35
145            android:exported="false"
145-->[androidx.credentials:credentials-play-services-auth:1.2.0-rc01] AndroidManifest.xml:38:13-37
146            android:fitsSystemWindows="true"
146-->[androidx.credentials:credentials-play-services-auth:1.2.0-rc01] AndroidManifest.xml:39:13-45
147            android:theme="@style/Theme.Hidden" >
147-->[androidx.credentials:credentials-play-services-auth:1.2.0-rc01] AndroidManifest.xml:40:13-48
148        </activity>
149        <activity
149-->[com.google.android.gms:play-services-auth:20.7.0] AndroidManifest.xml:23:9-27:75
150            android:name="com.google.android.gms.auth.api.signin.internal.SignInHubActivity"
150-->[com.google.android.gms:play-services-auth:20.7.0] AndroidManifest.xml:24:13-93
151            android:excludeFromRecents="true"
151-->[com.google.android.gms:play-services-auth:20.7.0] AndroidManifest.xml:25:13-46
152            android:exported="false"
152-->[com.google.android.gms:play-services-auth:20.7.0] AndroidManifest.xml:26:13-37
153            android:theme="@android:style/Theme.Translucent.NoTitleBar" />
153-->[com.google.android.gms:play-services-auth:20.7.0] AndroidManifest.xml:27:13-72
154        <!--
155            Service handling Google Sign-In user revocation. For apps that do not integrate with
156            Google Sign-In, this service will never be started.
157        -->
158        <service
158-->[com.google.android.gms:play-services-auth:20.7.0] AndroidManifest.xml:33:9-37:51
159            android:name="com.google.android.gms.auth.api.signin.RevocationBoundService"
159-->[com.google.android.gms:play-services-auth:20.7.0] AndroidManifest.xml:34:13-89
160            android:exported="true"
160-->[com.google.android.gms:play-services-auth:20.7.0] AndroidManifest.xml:35:13-36
161            android:permission="com.google.android.gms.auth.api.signin.permission.REVOCATION_NOTIFICATION"
161-->[com.google.android.gms:play-services-auth:20.7.0] AndroidManifest.xml:36:13-107
162            android:visibleToInstantApps="true" />
162-->[com.google.android.gms:play-services-auth:20.7.0] AndroidManifest.xml:37:13-48
163
164        <provider
164-->[com.google.firebase:firebase-common:21.0.0] AndroidManifest.xml:23:9-28:39
165            android:name="com.google.firebase.provider.FirebaseInitProvider"
165-->[com.google.firebase:firebase-common:21.0.0] AndroidManifest.xml:24:13-77
166            android:authorities="com.example.myapplication.firebaseinitprovider"
166-->[com.google.firebase:firebase-common:21.0.0] AndroidManifest.xml:25:13-72
167            android:directBootAware="true"
167-->[com.google.firebase:firebase-common:21.0.0] AndroidManifest.xml:26:13-43
168            android:exported="false"
168-->[com.google.firebase:firebase-common:21.0.0] AndroidManifest.xml:27:13-37
169            android:initOrder="100" />
169-->[com.google.firebase:firebase-common:21.0.0] AndroidManifest.xml:28:13-36
170
171        <activity
171-->[com.google.android.gms:play-services-base:18.1.0] AndroidManifest.xml:20:9-22:45
172            android:name="com.google.android.gms.common.api.GoogleApiActivity"
172-->[com.google.android.gms:play-services-base:18.1.0] AndroidManifest.xml:20:19-85
173            android:exported="false"
173-->[com.google.android.gms:play-services-base:18.1.0] AndroidManifest.xml:22:19-43
174            android:theme="@android:style/Theme.Translucent.NoTitleBar" />
174-->[com.google.android.gms:play-services-base:18.1.0] AndroidManifest.xml:21:19-78
175
176        <provider
176-->[androidx.emoji2:emoji2:1.3.0] AndroidManifest.xml:24:9-32:20
177            android:name="androidx.startup.InitializationProvider"
177-->[androidx.emoji2:emoji2:1.3.0] AndroidManifest.xml:25:13-67
178            android:authorities="com.example.myapplication.androidx-startup"
178-->[androidx.emoji2:emoji2:1.3.0] AndroidManifest.xml:26:13-68
179            android:exported="false" >
179-->[androidx.emoji2:emoji2:1.3.0] AndroidManifest.xml:27:13-37
180            <meta-data
180-->[androidx.emoji2:emoji2:1.3.0] AndroidManifest.xml:29:13-31:52
181                android:name="androidx.emoji2.text.EmojiCompatInitializer"
181-->[androidx.emoji2:emoji2:1.3.0] AndroidManifest.xml:30:17-75
182                android:value="androidx.startup" />
182-->[androidx.emoji2:emoji2:1.3.0] AndroidManifest.xml:31:17-49
183            <meta-data
183-->[androidx.work:work-runtime:2.7.1] AndroidManifest.xml:36:13-38:52
184                android:name="androidx.work.WorkManagerInitializer"
184-->[androidx.work:work-runtime:2.7.1] AndroidManifest.xml:37:17-68
185                android:value="androidx.startup" />
185-->[androidx.work:work-runtime:2.7.1] AndroidManifest.xml:38:17-49
186            <meta-data
186-->[androidx.lifecycle:lifecycle-process:2.6.2] AndroidManifest.xml:29:13-31:52
187                android:name="androidx.lifecycle.ProcessLifecycleInitializer"
187-->[androidx.lifecycle:lifecycle-process:2.6.2] AndroidManifest.xml:30:17-78
188                android:value="androidx.startup" />
188-->[androidx.lifecycle:lifecycle-process:2.6.2] AndroidManifest.xml:31:17-49
189            <meta-data
189-->[androidx.profileinstaller:profileinstaller:1.4.0] AndroidManifest.xml:29:13-31:52
190                android:name="androidx.profileinstaller.ProfileInstallerInitializer"
190-->[androidx.profileinstaller:profileinstaller:1.4.0] AndroidManifest.xml:30:17-85
191                android:value="androidx.startup" />
191-->[androidx.profileinstaller:profileinstaller:1.4.0] AndroidManifest.xml:31:17-49
192        </provider>
193
194        <service
194-->[androidx.work:work-runtime:2.7.1] AndroidManifest.xml:41:9-46:35
195            android:name="androidx.work.impl.background.systemalarm.SystemAlarmService"
195-->[androidx.work:work-runtime:2.7.1] AndroidManifest.xml:42:13-88
196            android:directBootAware="false"
196-->[androidx.work:work-runtime:2.7.1] AndroidManifest.xml:43:13-44
197            android:enabled="@bool/enable_system_alarm_service_default"
197-->[androidx.work:work-runtime:2.7.1] AndroidManifest.xml:44:13-72
198            android:exported="false" />
198-->[androidx.work:work-runtime:2.7.1] AndroidManifest.xml:45:13-37
199        <service
199-->[androidx.work:work-runtime:2.7.1] AndroidManifest.xml:47:9-53:35
200            android:name="androidx.work.impl.background.systemjob.SystemJobService"
200-->[androidx.work:work-runtime:2.7.1] AndroidManifest.xml:48:13-84
201            android:directBootAware="false"
201-->[androidx.work:work-runtime:2.7.1] AndroidManifest.xml:49:13-44
202            android:enabled="@bool/enable_system_job_service_default"
202-->[androidx.work:work-runtime:2.7.1] AndroidManifest.xml:50:13-70
203            android:exported="true"
203-->[androidx.work:work-runtime:2.7.1] AndroidManifest.xml:51:13-36
204            android:permission="android.permission.BIND_JOB_SERVICE" />
204-->[androidx.work:work-runtime:2.7.1] AndroidManifest.xml:52:13-69
205        <service
205-->[androidx.work:work-runtime:2.7.1] AndroidManifest.xml:54:9-59:35
206            android:name="androidx.work.impl.foreground.SystemForegroundService"
206-->[androidx.work:work-runtime:2.7.1] AndroidManifest.xml:55:13-81
207            android:directBootAware="false"
207-->[androidx.work:work-runtime:2.7.1] AndroidManifest.xml:56:13-44
208            android:enabled="@bool/enable_system_foreground_service_default"
208-->[androidx.work:work-runtime:2.7.1] AndroidManifest.xml:57:13-77
209            android:exported="false" />
209-->[androidx.work:work-runtime:2.7.1] AndroidManifest.xml:58:13-37
210
211        <receiver
211-->[androidx.work:work-runtime:2.7.1] AndroidManifest.xml:61:9-66:35
212            android:name="androidx.work.impl.utils.ForceStopRunnable$BroadcastReceiver"
212-->[androidx.work:work-runtime:2.7.1] AndroidManifest.xml:62:13-88
213            android:directBootAware="false"
213-->[androidx.work:work-runtime:2.7.1] AndroidManifest.xml:63:13-44
214            android:enabled="true"
214-->[androidx.work:work-runtime:2.7.1] AndroidManifest.xml:64:13-35
215            android:exported="false" />
215-->[androidx.work:work-runtime:2.7.1] AndroidManifest.xml:65:13-37
216        <receiver
216-->[androidx.work:work-runtime:2.7.1] AndroidManifest.xml:67:9-77:20
217            android:name="androidx.work.impl.background.systemalarm.ConstraintProxy$BatteryChargingProxy"
217-->[androidx.work:work-runtime:2.7.1] AndroidManifest.xml:68:13-106
218            android:directBootAware="false"
218-->[androidx.work:work-runtime:2.7.1] AndroidManifest.xml:69:13-44
219            android:enabled="false"
219-->[androidx.work:work-runtime:2.7.1] AndroidManifest.xml:70:13-36
220            android:exported="false" >
220-->[androidx.work:work-runtime:2.7.1] AndroidManifest.xml:71:13-37
221            <intent-filter>
221-->[androidx.work:work-runtime:2.7.1] AndroidManifest.xml:73:13-76:29
222                <action android:name="android.intent.action.ACTION_POWER_CONNECTED" />
222-->[androidx.work:work-runtime:2.7.1] AndroidManifest.xml:74:17-87
222-->[androidx.work:work-runtime:2.7.1] AndroidManifest.xml:74:25-84
223                <action android:name="android.intent.action.ACTION_POWER_DISCONNECTED" />
223-->[androidx.work:work-runtime:2.7.1] AndroidManifest.xml:75:17-90
223-->[androidx.work:work-runtime:2.7.1] AndroidManifest.xml:75:25-87
224            </intent-filter>
225        </receiver>
226        <receiver
226-->[androidx.work:work-runtime:2.7.1] AndroidManifest.xml:78:9-88:20
227            android:name="androidx.work.impl.background.systemalarm.ConstraintProxy$BatteryNotLowProxy"
227-->[androidx.work:work-runtime:2.7.1] AndroidManifest.xml:79:13-104
228            android:directBootAware="false"
228-->[androidx.work:work-runtime:2.7.1] AndroidManifest.xml:80:13-44
229            android:enabled="false"
229-->[androidx.work:work-runtime:2.7.1] AndroidManifest.xml:81:13-36
230            android:exported="false" >
230-->[androidx.work:work-runtime:2.7.1] AndroidManifest.xml:82:13-37
231            <intent-filter>
231-->[androidx.work:work-runtime:2.7.1] AndroidManifest.xml:84:13-87:29
232                <action android:name="android.intent.action.BATTERY_OKAY" />
232-->[androidx.work:work-runtime:2.7.1] AndroidManifest.xml:85:17-77
232-->[androidx.work:work-runtime:2.7.1] AndroidManifest.xml:85:25-74
233                <action android:name="android.intent.action.BATTERY_LOW" />
233-->[androidx.work:work-runtime:2.7.1] AndroidManifest.xml:86:17-76
233-->[androidx.work:work-runtime:2.7.1] AndroidManifest.xml:86:25-73
234            </intent-filter>
235        </receiver>
236        <receiver
236-->[androidx.work:work-runtime:2.7.1] AndroidManifest.xml:89:9-99:20
237            android:name="androidx.work.impl.background.systemalarm.ConstraintProxy$StorageNotLowProxy"
237-->[androidx.work:work-runtime:2.7.1] AndroidManifest.xml:90:13-104
238            android:directBootAware="false"
238-->[androidx.work:work-runtime:2.7.1] AndroidManifest.xml:91:13-44
239            android:enabled="false"
239-->[androidx.work:work-runtime:2.7.1] AndroidManifest.xml:92:13-36
240            android:exported="false" >
240-->[androidx.work:work-runtime:2.7.1] AndroidManifest.xml:93:13-37
241            <intent-filter>
241-->[androidx.work:work-runtime:2.7.1] AndroidManifest.xml:95:13-98:29
242                <action android:name="android.intent.action.DEVICE_STORAGE_LOW" />
242-->[androidx.work:work-runtime:2.7.1] AndroidManifest.xml:96:17-83
242-->[androidx.work:work-runtime:2.7.1] AndroidManifest.xml:96:25-80
243                <action android:name="android.intent.action.DEVICE_STORAGE_OK" />
243-->[androidx.work:work-runtime:2.7.1] AndroidManifest.xml:97:17-82
243-->[androidx.work:work-runtime:2.7.1] AndroidManifest.xml:97:25-79
244            </intent-filter>
245        </receiver>
246        <receiver
246-->[androidx.work:work-runtime:2.7.1] AndroidManifest.xml:100:9-109:20
247            android:name="androidx.work.impl.background.systemalarm.ConstraintProxy$NetworkStateProxy"
247-->[androidx.work:work-runtime:2.7.1] AndroidManifest.xml:101:13-103
248            android:directBootAware="false"
248-->[androidx.work:work-runtime:2.7.1] AndroidManifest.xml:102:13-44
249            android:enabled="false"
249-->[androidx.work:work-runtime:2.7.1] AndroidManifest.xml:103:13-36
250            android:exported="false" >
250-->[androidx.work:work-runtime:2.7.1] AndroidManifest.xml:104:13-37
251            <intent-filter>
251-->[androidx.work:work-runtime:2.7.1] AndroidManifest.xml:106:13-108:29
252                <action android:name="android.net.conn.CONNECTIVITY_CHANGE" />
252-->[androidx.work:work-runtime:2.7.1] AndroidManifest.xml:107:17-79
252-->[androidx.work:work-runtime:2.7.1] AndroidManifest.xml:107:25-76
253            </intent-filter>
254        </receiver>
255        <receiver
255-->[androidx.work:work-runtime:2.7.1] AndroidManifest.xml:110:9-121:20
256            android:name="androidx.work.impl.background.systemalarm.RescheduleReceiver"
256-->[androidx.work:work-runtime:2.7.1] AndroidManifest.xml:111:13-88
257            android:directBootAware="false"
257-->[androidx.work:work-runtime:2.7.1] AndroidManifest.xml:112:13-44
258            android:enabled="false"
258-->[androidx.work:work-runtime:2.7.1] AndroidManifest.xml:113:13-36
259            android:exported="false" >
259-->[androidx.work:work-runtime:2.7.1] AndroidManifest.xml:114:13-37
260            <intent-filter>
260-->[androidx.work:work-runtime:2.7.1] AndroidManifest.xml:116:13-120:29
261                <action android:name="android.intent.action.BOOT_COMPLETED" />
261-->[androidx.work:work-runtime:2.7.1] AndroidManifest.xml:117:17-79
261-->[androidx.work:work-runtime:2.7.1] AndroidManifest.xml:117:25-76
262                <action android:name="android.intent.action.TIME_SET" />
262-->[androidx.work:work-runtime:2.7.1] AndroidManifest.xml:118:17-73
262-->[androidx.work:work-runtime:2.7.1] AndroidManifest.xml:118:25-70
263                <action android:name="android.intent.action.TIMEZONE_CHANGED" />
263-->[androidx.work:work-runtime:2.7.1] AndroidManifest.xml:119:17-81
263-->[androidx.work:work-runtime:2.7.1] AndroidManifest.xml:119:25-78
264            </intent-filter>
265        </receiver>
266        <receiver
266-->[androidx.work:work-runtime:2.7.1] AndroidManifest.xml:122:9-131:20
267            android:name="androidx.work.impl.background.systemalarm.ConstraintProxyUpdateReceiver"
267-->[androidx.work:work-runtime:2.7.1] AndroidManifest.xml:123:13-99
268            android:directBootAware="false"
268-->[androidx.work:work-runtime:2.7.1] AndroidManifest.xml:124:13-44
269            android:enabled="@bool/enable_system_alarm_service_default"
269-->[androidx.work:work-runtime:2.7.1] AndroidManifest.xml:125:13-72
270            android:exported="false" >
270-->[androidx.work:work-runtime:2.7.1] AndroidManifest.xml:126:13-37
271            <intent-filter>